
> ultimate-sudoku@1.10.0 ci
> npm run lint && npm run typecheck && node scripts/check-android-version.mjs --fix && npm test -- --ci && npm run build


> ultimate-sudoku@1.10.0 lint
> eslint . --ext .js,.jsx,.ts,.tsx


> ultimate-sudoku@1.10.0 typecheck
> tsc --pretty --noEmit

Android versionCode updated: 11000 now matches computed 11000 from package.json version 1.10.0

> ultimate-sudoku@1.10.0 test
> jest --passWithNoTests --ci

----------------------------|---------|----------|---------|---------|------------------------------------------------------------------------------------
File                        | % Stmts | % Branch | % Funcs | % Lines | Uncovered Line #s                                                                  
----------------------------|---------|----------|---------|---------|------------------------------------------------------------------------------------
All files                   |   81.73 |    68.54 |   83.87 |   82.85 |                                                                                    
 app                        |   86.41 |    70.48 |   81.05 |   86.43 |                                                                                    
  +not-found.tsx            |   66.66 |      100 |      50 |   66.66 | 30                                                                                 
  _layout.tsx               |      96 |       70 |   66.66 |   95.83 | 10                                                                                 
  classic.tsx               |   86.93 |    71.69 |   87.03 |   87.44 | 28-40,91-107,233-234,371,637-662                                                   
  daily.calendar.screen.tsx |     100 |       75 |     100 |     100 | 35,39-48                                                                           
  daily.screen.tsx          |      80 |    33.33 |    87.5 |   77.27 | 12-14,20-22,46                                                                     
  index.tsx                 |   68.42 |     62.5 |   55.55 |   68.42 | 54-58,73-77,127-137                                                                
  settings.screen.tsx       |   89.47 |       75 |      75 |   88.88 | 64-78                                                                              
 app/components             |   56.27 |    53.03 |   68.49 |   55.92 |                                                                                    
  Board.tsx                 |     100 |    89.36 |     100 |     100 | 36,40,44-47,90                                                                     
  GameScreenBase.tsx        |   52.96 |    40.09 |   65.38 |   51.88 | 90-120,125-127,178,189-191,197,211,230,236-240,254-321,347,373-374,442-449,536-631 
  Header.tsx                |     100 |    81.25 |     100 |     100 | 22-34,84                                                                           
  Numpad.tsx                |     100 |    86.36 |     100 |     100 | 50,55-58                                                                           
  SeedFooter.tsx            |   41.93 |    47.36 |    37.5 |   43.33 | 28-50,66-69                                                                        
 app/game                   |   89.51 |    79.66 |     100 |   93.87 |                                                                                    
  fixtures.ts               |      80 |       50 |     100 |      75 | 17                                                                                 
  rules.ts                  |     100 |      100 |     100 |     100 |                                                                                    
  state.ts                  |   84.81 |    69.44 |     100 |   92.64 | 18,98-99,121,138                                                                   
 app/game/daily             |     100 |      100 |     100 |     100 |                                                                                    
  index.ts                  |     100 |      100 |     100 |     100 |                                                                                    
 app/game/engine            |   92.45 |    83.03 |   95.74 |   92.44 |                                                                                    
  difficulty.ts             |     100 |      100 |     100 |     100 |                                                                                    
  generator.ts              |   98.75 |     92.3 |     100 |   98.36 | 72                                                                                 
  masks.ts                  |   99.08 |     88.7 |     100 |     100 | 49,59,61,77-80,103,112                                                             
  random.ts                 |     100 |      100 |     100 |     100 |                                                                                    
  rating.ts                 |      55 |    33.33 |   66.66 |   58.82 | 41-48                                                                              
  solver.ts                 |   77.77 |    81.08 |   85.71 |      75 | 32-42                                                                              
  strategy.ts               |   94.11 |    84.61 |     100 |   93.33 | 81-82,120-121                                                                      
 app/services               |   83.64 |    75.45 |   95.83 |   90.32 |                                                                                    
  auth.ts                   |   33.33 |    31.25 |   66.66 |   33.33 | 15,23-26,31-35                                                                     
  daily.ts                  |     100 |      100 |     100 |     100 |                                                                                    
  dailyCalendar.ts          |   95.12 |       50 |     100 |     100 | 23-64                                                                              
  settings.ts               |     100 |      100 |     100 |     100 |                                                                                    
  stats.ts                  |   91.78 |     87.5 |    90.9 |   96.92 | 199-206                                                                            
  storage.ts                |   81.63 |    84.93 |     100 |   82.55 | 28,106-107,180,187-199                                                             
  supabase.ts               |     100 |      100 |     100 |     100 |                                                                                    
  sync.ts                   |   77.58 |    58.69 |     100 |     100 | 19-69,92-128                                                                       
----------------------------|---------|----------|---------|---------|------------------------------------------------------------------------------------

> ultimate-sudoku@1.10.0 build
> npx expo export --platform web --output-dir dist

env: load .env
env: export EXPO_PUBLIC_SUPABASE_URL EXPO_PUBLIC_SUPABASE_ANON_KEY SUPABASE_DB_URL SUPABASE_ACCESS_TOKEN SUPABASE_PROJECT_REF_STAGING SUPABASE_PROJECT_REF_PROD UPDATE_BUNDLE_BASELINE
Starting Metro Bundler
Web .\index.js ΓûæΓûæΓûæΓûæΓûæΓûæΓûæΓûæΓûæΓûæΓûæΓûæΓûæΓûæΓûæΓûæ  0.0% (0/1)
Web .\index.js ΓûæΓûæΓûæΓûæΓûæΓûæΓûæΓûæΓûæΓûæΓûæΓûæΓûæΓûæΓûæΓûæ  1.0% (1/1)
Web .\index.js ΓûôΓûôΓûôΓûôΓûôΓûôΓûôΓûæΓûæΓûæΓûæΓûæΓûæΓûæΓûæΓûæ 46.2% ( 88/232)
Web .\index.js ΓûôΓûôΓûôΓûôΓûôΓûôΓûôΓûôΓûæΓûæΓûæΓûæΓûæΓûæΓûæΓûæ 51.6% (395/550)
Web .\index.js ΓûôΓûôΓûôΓûôΓûôΓûôΓûôΓûôΓûôΓûôΓûôΓûôΓûôΓûôΓûôΓûæ 99.9% (827/827)
Web Bundled 14313ms index.js (827 modules)

ΓÇ║ Assets (37):
node_modules\@expo\vector-icons\build\vendor\react-native-vector-icons\Fonts\AntDesign.3a2ba31570920eeb9b1d217cabe58315.ttf (70.3 kB)
node_modules\@expo\vector-icons\build\vendor\react-native-vector-icons\Fonts\Entypo.31b5ffea3daddc69dd01a1f3d6cf63c5.ttf (66.2 kB)
node_modules\@expo\vector-icons\build\vendor\react-native-vector-icons\Fonts\EvilIcons.140c53a7643ea949007aa9a282153849.ttf (13.5 kB)
node_modules\@expo\vector-icons\build\vendor\react-native-vector-icons\Fonts\Feather.a76d309774d33d9856f650bed4292a23.ttf (56.2 kB)
node_modules\@expo\vector-icons\build\vendor\react-native-vector-icons\Fonts\FontAwesome.b06871f281fee6b241d60582ae9369b9.ttf (166 kB)
node_modules\@expo\vector-icons\build\vendor\react-native-vector-icons\Fonts\FontAwesome5_Brands.3b89dd103490708d19a95adcae52210e.ttf (134 kB)
node_modules\@expo\vector-icons\build\vendor\react-native-vector-icons\Fonts\FontAwesome5_Regular.1f77739ca9ff2188b539c36f30ffa2be.ttf (33.7 kB)
node_modules\@expo\vector-icons\build\vendor\react-native-vector-icons\Fonts\FontAwesome5_Solid.605ed7926cf39a2ad5ec2d1f9d391d3d.ttf (203 kB)
node_modules\@expo\vector-icons\build\vendor\react-native-vector-icons\Fonts\FontAwesome6_Brands.56c8d80832e37783f12c05db7c8849e2.ttf (209 kB)
node_modules\@expo\vector-icons\build\vendor\react-native-vector-icons\Fonts\FontAwesome6_Regular.370dd5af19f8364907b6e2c41f45dbbf.ttf (68 kB)
node_modules\@expo\vector-icons\build\vendor\react-native-vector-icons\Fonts\FontAwesome6_Solid.adec7d6f310bc577f05e8fe06a5daccf.ttf (424 kB)
node_modules\@expo\vector-icons\build\vendor\react-native-vector-icons\Fonts\Fontisto.b49ae8ab2dbccb02c4d11caaacf09eab.ttf (314 kB)
node_modules\@expo\vector-icons\build\vendor\react-native-vector-icons\Fonts\Foundation.e20945d7c929279ef7a6f1db184a4470.ttf (57 kB)
node_modules\@expo\vector-icons\build\vendor\react-native-vector-icons\Fonts\Ionicons.6148e7019854f3bde85b633cb88f3c25.ttf (443 kB)
node_modules\@expo\vector-icons\build\vendor\react-native-vector-icons\Fonts\MaterialCommunityIcons.b62641afc9ab487008e996a5c5865e56.ttf (1.15 MB)
node_modules\@expo\vector-icons\build\vendor\react-native-vector-icons\Fonts\MaterialIcons.4e85bc9ebe07e0340c9c4fc2f6c38908.ttf (357 kB)
node_modules\@expo\vector-icons\build\vendor\react-native-vector-icons\Fonts\Octicons.f7c53c47a66934504fcbc7cc164895a7.ttf (49.4 kB)
node_modules\@expo\vector-icons\build\vendor\react-native-vector-icons\Fonts\SimpleLineIcons.d2285965fe34b05465047401b8595dd0.ttf (54.1 kB)
node_modules\@expo\vector-icons\build\vendor\react-native-vector-icons\Fonts\Zocial.1681f34aaca71b8dfb70756bca331eb2.ttf (25.8 kB)
node_modules\@react-navigation\elements\lib\module\assets\back-icon-mask.0a328cd9c1afd0afe8e3b1ec5165b1b4.png (653 B)
node_modules\@react-navigation\elements\lib\module\assets\back-icon.35ba0eaec5a4f5ed12ca16fabeae451d.png (207 B)
node_modules\@react-navigation\elements\lib\module\assets\clear-icon.c94f6478e7ae0cdd9f15de1fcb9e5e55.png (4 variations | 425 B)
node_modules\@react-navigation\elements\lib\module\assets\close-icon.808e1b1b9b53114ec2838071a7e6daa7.png (4 variations | 235 B)
node_modules\@react-navigation\elements\lib\module\assets\search-icon.286d67d3f74808a60a78d3ebf1a5fb57.png (928 B)
node_modules\expo-router\assets\arrow_down.017bc6ba3fc25503e5eb5e53826d48a8.png (9.46 kB)
node_modules\expo-router\assets\error.d1ea1496f9057eb392d5bbf3732a61b7.png (469 B)
node_modules\expo-router\assets\file.19eeb73b9593a38f8e9f418337fc7d10.png (138 B)
node_modules\expo-router\assets\forward.d8b800c443b8972542883e0b9de2bdc6.png (188 B)
node_modules\expo-router\assets\pkg.ab19f4cbc543357183a20571f68380a3.png (364 B)
node_modules\expo-router\assets\sitemap.412dd9275b6b48ad28f5e3d81bb1f626.png (465 B)
node_modules\expo-router\assets\unmatched.20e71bdf79e3a97bf55fd9e164041578.png (4.75 kB)

ΓÇ║ web bundles (2):
_expo/static/css/global-9fc209ea6264a126989c8218c720c580.css (4.45 kB)
_expo/static/js/web/index-0f2c8337a3d5cfc228841b45d30d9237.js (1.64 MB)

ΓÇ║ Files (2):
index.html (1.37 kB)
metadata.json (49 B)

Exported: dist
https://github.com/cynnix-inc/sudoku/issues/42
https://github.com/cynnix-inc/sudoku/issues/42#issuecomment-3229230448

> ultimate-sudoku@1.10.0 ci
> npm run lint && npm run typecheck && node scripts/check-android-version.mjs --fix && npm test -- --ci && npm run build


> ultimate-sudoku@1.10.0 lint
> eslint . --ext .js,.jsx,.ts,.tsx


> ultimate-sudoku@1.10.0 typecheck
> tsc --pretty --noEmit

Android versionCode OK: 11000 matches computed 11000 from package.json version 1.10.0

> ultimate-sudoku@1.10.0 test
> jest --passWithNoTests --ci

----------------------------|---------|----------|---------|---------|------------------------------------------------------------------------------------
File                        | % Stmts | % Branch | % Funcs | % Lines | Uncovered Line #s                                                                  
----------------------------|---------|----------|---------|---------|------------------------------------------------------------------------------------
All files                   |   81.73 |    68.54 |   83.87 |   82.85 |                                                                                    
 app                        |   86.41 |    70.48 |   81.05 |   86.43 |                                                                                    
  +not-found.tsx            |   66.66 |      100 |      50 |   66.66 | 30                                                                                 
  _layout.tsx               |      96 |       70 |   66.66 |   95.83 | 10                                                                                 
  classic.tsx               |   86.93 |    71.69 |   87.03 |   87.44 | 28-40,91-107,233-234,371,637-662                                                   
  daily.calendar.screen.tsx |     100 |       75 |     100 |     100 | 35,39-48                                                                           
  daily.screen.tsx          |      80 |    33.33 |    87.5 |   77.27 | 12-14,20-22,46                                                                     
  index.tsx                 |   68.42 |     62.5 |   55.55 |   68.42 | 54-58,73-77,127-137                                                                
  settings.screen.tsx       |   89.47 |       75 |      75 |   88.88 | 64-78                                                                              
 app/components             |   56.27 |    53.03 |   68.49 |   55.92 |                                                                                    
  Board.tsx                 |     100 |    89.36 |     100 |     100 | 36,40,44-47,90                                                                     
  GameScreenBase.tsx        |   52.96 |    40.09 |   65.38 |   51.88 | 90-120,125-127,178,189-191,197,211,230,236-240,254-321,347,373-374,442-449,536-631 
  Header.tsx                |     100 |    81.25 |     100 |     100 | 22-34,84                                                                           
  Numpad.tsx                |     100 |    86.36 |     100 |     100 | 50,55-58                                                                           
  SeedFooter.tsx            |   41.93 |    47.36 |    37.5 |   43.33 | 28-50,66-69                                                                        
 app/game                   |   89.51 |    79.66 |     100 |   93.87 |                                                                                    
  fixtures.ts               |      80 |       50 |     100 |      75 | 17                                                                                 
  rules.ts                  |     100 |      100 |     100 |     100 |                                                                                    
  state.ts                  |   84.81 |    69.44 |     100 |   92.64 | 18,98-99,121,138                                                                   
 app/game/daily             |     100 |      100 |     100 |     100 |                                                                                    
  index.ts                  |     100 |      100 |     100 |     100 |                                                                                    
 app/game/engine            |   92.45 |    83.03 |   95.74 |   92.44 |                                                                                    
  difficulty.ts             |     100 |      100 |     100 |     100 |                                                                                    
  generator.ts              |   98.75 |     92.3 |     100 |   98.36 | 72                                                                                 
  masks.ts                  |   99.08 |     88.7 |     100 |     100 | 49,59,61,77-80,103,112                                                             
  random.ts                 |     100 |      100 |     100 |     100 |                                                                                    
  rating.ts                 |      55 |    33.33 |   66.66 |   58.82 | 41-48                                                                              
  solver.ts                 |   77.77 |    81.08 |   85.71 |      75 | 32-42                                                                              
  strategy.ts               |   94.11 |    84.61 |     100 |   93.33 | 81-82,120-121                                                                      
 app/services               |   83.64 |    75.45 |   95.83 |   90.32 |                                                                                    
  auth.ts                   |   33.33 |    31.25 |   66.66 |   33.33 | 15,23-26,31-35                                                                     
  daily.ts                  |     100 |      100 |     100 |     100 |                                                                                    
  dailyCalendar.ts          |   95.12 |       50 |     100 |     100 | 23-64                                                                              
  settings.ts               |     100 |      100 |     100 |     100 |                                                                                    
  stats.ts                  |   91.78 |     87.5 |    90.9 |   96.92 | 199-206                                                                            
  storage.ts                |   81.63 |    84.93 |     100 |   82.55 | 28,106-107,180,187-199                                                             
  supabase.ts               |     100 |      100 |     100 |     100 |                                                                                    
  sync.ts                   |   77.58 |    58.69 |     100 |     100 | 19-69,92-128                                                                       
----------------------------|---------|----------|---------|---------|------------------------------------------------------------------------------------

> ultimate-sudoku@1.10.0 build
> npx expo export --platform web --output-dir dist

env: load .env
env: export EXPO_PUBLIC_SUPABASE_URL EXPO_PUBLIC_SUPABASE_ANON_KEY SUPABASE_DB_URL SUPABASE_ACCESS_TOKEN SUPABASE_PROJECT_REF_STAGING SUPABASE_PROJECT_REF_PROD UPDATE_BUNDLE_BASELINE
Starting Metro Bundler
Web .\index.js ΓûôΓûôΓûôΓûôΓûôΓûôΓûôΓûôΓûôΓûôΓûôΓûôΓûôΓûôΓûôΓûæ 99.8% (826/827)
Web Bundled 1348ms index.js (827 modules)

ΓÇ║ Assets (37):
node_modules\@expo\vector-icons\build\vendor\react-native-vector-icons\Fonts\AntDesign.3a2ba31570920eeb9b1d217cabe58315.ttf (70.3 kB)
node_modules\@expo\vector-icons\build\vendor\react-native-vector-icons\Fonts\Entypo.31b5ffea3daddc69dd01a1f3d6cf63c5.ttf (66.2 kB)
node_modules\@expo\vector-icons\build\vendor\react-native-vector-icons\Fonts\EvilIcons.140c53a7643ea949007aa9a282153849.ttf (13.5 kB)
node_modules\@expo\vector-icons\build\vendor\react-native-vector-icons\Fonts\Feather.a76d309774d33d9856f650bed4292a23.ttf (56.2 kB)
node_modules\@expo\vector-icons\build\vendor\react-native-vector-icons\Fonts\FontAwesome.b06871f281fee6b241d60582ae9369b9.ttf (166 kB)
node_modules\@expo\vector-icons\build\vendor\react-native-vector-icons\Fonts\FontAwesome5_Brands.3b89dd103490708d19a95adcae52210e.ttf (134 kB)
node_modules\@expo\vector-icons\build\vendor\react-native-vector-icons\Fonts\FontAwesome5_Regular.1f77739ca9ff2188b539c36f30ffa2be.ttf (33.7 kB)
node_modules\@expo\vector-icons\build\vendor\react-native-vector-icons\Fonts\FontAwesome5_Solid.605ed7926cf39a2ad5ec2d1f9d391d3d.ttf (203 kB)
node_modules\@expo\vector-icons\build\vendor\react-native-vector-icons\Fonts\FontAwesome6_Brands.56c8d80832e37783f12c05db7c8849e2.ttf (209 kB)
node_modules\@expo\vector-icons\build\vendor\react-native-vector-icons\Fonts\FontAwesome6_Regular.370dd5af19f8364907b6e2c41f45dbbf.ttf (68 kB)
node_modules\@expo\vector-icons\build\vendor\react-native-vector-icons\Fonts\FontAwesome6_Solid.adec7d6f310bc577f05e8fe06a5daccf.ttf (424 kB)
node_modules\@expo\vector-icons\build\vendor\react-native-vector-icons\Fonts\Fontisto.b49ae8ab2dbccb02c4d11caaacf09eab.ttf (314 kB)
node_modules\@expo\vector-icons\build\vendor\react-native-vector-icons\Fonts\Foundation.e20945d7c929279ef7a6f1db184a4470.ttf (57 kB)
node_modules\@expo\vector-icons\build\vendor\react-native-vector-icons\Fonts\Ionicons.6148e7019854f3bde85b633cb88f3c25.ttf (443 kB)
node_modules\@expo\vector-icons\build\vendor\react-native-vector-icons\Fonts\MaterialCommunityIcons.b62641afc9ab487008e996a5c5865e56.ttf (1.15 MB)
node_modules\@expo\vector-icons\build\vendor\react-native-vector-icons\Fonts\MaterialIcons.4e85bc9ebe07e0340c9c4fc2f6c38908.ttf (357 kB)
node_modules\@expo\vector-icons\build\vendor\react-native-vector-icons\Fonts\Octicons.f7c53c47a66934504fcbc7cc164895a7.ttf (49.4 kB)
node_modules\@expo\vector-icons\build\vendor\react-native-vector-icons\Fonts\SimpleLineIcons.d2285965fe34b05465047401b8595dd0.ttf (54.1 kB)
node_modules\@expo\vector-icons\build\vendor\react-native-vector-icons\Fonts\Zocial.1681f34aaca71b8dfb70756bca331eb2.ttf (25.8 kB)
node_modules\@react-navigation\elements\lib\module\assets\back-icon-mask.0a328cd9c1afd0afe8e3b1ec5165b1b4.png (653 B)
node_modules\@react-navigation\elements\lib\module\assets\back-icon.35ba0eaec5a4f5ed12ca16fabeae451d.png (207 B)
node_modules\@react-navigation\elements\lib\module\assets\clear-icon.c94f6478e7ae0cdd9f15de1fcb9e5e55.png (4 variations | 425 B)
node_modules\@react-navigation\elements\lib\module\assets\close-icon.808e1b1b9b53114ec2838071a7e6daa7.png (4 variations | 235 B)
node_modules\@react-navigation\elements\lib\module\assets\search-icon.286d67d3f74808a60a78d3ebf1a5fb57.png (928 B)
node_modules\expo-router\assets\arrow_down.017bc6ba3fc25503e5eb5e53826d48a8.png (9.46 kB)
node_modules\expo-router\assets\error.d1ea1496f9057eb392d5bbf3732a61b7.png (469 B)
node_modules\expo-router\assets\file.19eeb73b9593a38f8e9f418337fc7d10.png (138 B)
node_modules\expo-router\assets\forward.d8b800c443b8972542883e0b9de2bdc6.png (188 B)
node_modules\expo-router\assets\pkg.ab19f4cbc543357183a20571f68380a3.png (364 B)
node_modules\expo-router\assets\sitemap.412dd9275b6b48ad28f5e3d81bb1f626.png (465 B)
node_modules\expo-router\assets\unmatched.20e71bdf79e3a97bf55fd9e164041578.png (4.75 kB)

ΓÇ║ web bundles (2):
_expo/static/css/global-9fc209ea6264a126989c8218c720c580.css (4.45 kB)
_expo/static/js/web/index-0f2c8337a3d5cfc228841b45d30d9237.js (1.64 MB)

ΓÇ║ Files (2):
index.html (1.37 kB)
metadata.json (49 B)

Exported: dist
https://github.com/cynnix-inc/sudoku/issues/43
https://github.com/cynnix-inc/sudoku/issues/43#issuecomment-3229231940

> ultimate-sudoku@1.10.0 ci
> npm run lint && npm run typecheck && node scripts/check-android-version.mjs --fix && npm test -- --ci && npm run build


> ultimate-sudoku@1.10.0 lint
> eslint . --ext .js,.jsx,.ts,.tsx


> ultimate-sudoku@1.10.0 typecheck
> tsc --pretty --noEmit

Android versionCode OK: 11000 matches computed 11000 from package.json version 1.10.0

> ultimate-sudoku@1.10.0 test
> jest --passWithNoTests --ci

----------------------------|---------|----------|---------|---------|------------------------------------------------------------------------------------
File                        | % Stmts | % Branch | % Funcs | % Lines | Uncovered Line #s                                                                  
----------------------------|---------|----------|---------|---------|------------------------------------------------------------------------------------
All files                   |   81.73 |    68.54 |   83.87 |   82.85 |                                                                                    
 app                        |   86.41 |    70.48 |   81.05 |   86.43 |                                                                                    
  +not-found.tsx            |   66.66 |      100 |      50 |   66.66 | 30                                                                                 
  _layout.tsx               |      96 |       70 |   66.66 |   95.83 | 10                                                                                 
  classic.tsx               |   86.93 |    71.69 |   87.03 |   87.44 | 28-40,91-107,233-234,371,637-662                                                   
  daily.calendar.screen.tsx |     100 |       75 |     100 |     100 | 35,39-48                                                                           
  daily.screen.tsx          |      80 |    33.33 |    87.5 |   77.27 | 12-14,20-22,46                                                                     
  index.tsx                 |   68.42 |     62.5 |   55.55 |   68.42 | 54-58,73-77,127-137                                                                
  settings.screen.tsx       |   89.47 |       75 |      75 |   88.88 | 64-78                                                                              
 app/components             |   56.27 |    53.03 |   68.49 |   55.92 |                                                                                    
  Board.tsx                 |     100 |    89.36 |     100 |     100 | 36,40,44-47,90                                                                     
  GameScreenBase.tsx        |   52.96 |    40.09 |   65.38 |   51.88 | 90-120,125-127,178,189-191,197,211,230,236-240,254-321,347,373-374,442-449,536-631 
  Header.tsx                |     100 |    81.25 |     100 |     100 | 22-34,84                                                                           
  Numpad.tsx                |     100 |    86.36 |     100 |     100 | 50,55-58                                                                           
  SeedFooter.tsx            |   41.93 |    47.36 |    37.5 |   43.33 | 28-50,66-69                                                                        
 app/game                   |   89.51 |    79.66 |     100 |   93.87 |                                                                                    
  fixtures.ts               |      80 |       50 |     100 |      75 | 17                                                                                 
  rules.ts                  |     100 |      100 |     100 |     100 |                                                                                    
  state.ts                  |   84.81 |    69.44 |     100 |   92.64 | 18,98-99,121,138                                                                   
 app/game/daily             |     100 |      100 |     100 |     100 |                                                                                    
  index.ts                  |     100 |      100 |     100 |     100 |                                                                                    
 app/game/engine            |   92.45 |    83.03 |   95.74 |   92.44 |                                                                                    
  difficulty.ts             |     100 |      100 |     100 |     100 |                                                                                    
  generator.ts              |   98.75 |     92.3 |     100 |   98.36 | 72                                                                                 
  masks.ts                  |   99.08 |     88.7 |     100 |     100 | 49,59,61,77-80,103,112                                                             
  random.ts                 |     100 |      100 |     100 |     100 |                                                                                    
  rating.ts                 |      55 |    33.33 |   66.66 |   58.82 | 41-48                                                                              
  solver.ts                 |   77.77 |    81.08 |   85.71 |      75 | 32-42                                                                              
  strategy.ts               |   94.11 |    84.61 |     100 |   93.33 | 81-82,120-121                                                                      
 app/services               |   83.64 |    75.45 |   95.83 |   90.32 |                                                                                    
  auth.ts                   |   33.33 |    31.25 |   66.66 |   33.33 | 15,23-26,31-35                                                                     
  daily.ts                  |     100 |      100 |     100 |     100 |                                                                                    
  dailyCalendar.ts          |   95.12 |       50 |     100 |     100 | 23-64                                                                              
  settings.ts               |     100 |      100 |     100 |     100 |                                                                                    
  stats.ts                  |   91.78 |     87.5 |    90.9 |   96.92 | 199-206                                                                            
  storage.ts                |   81.63 |    84.93 |     100 |   82.55 | 28,106-107,180,187-199                                                             
  supabase.ts               |     100 |      100 |     100 |     100 |                                                                                    
  sync.ts                   |   77.58 |    58.69 |     100 |     100 | 19-69,92-128                                                                       
----------------------------|---------|----------|---------|---------|------------------------------------------------------------------------------------

> ultimate-sudoku@1.10.0 build
> npx expo export --platform web --output-dir dist

env: load .env
env: export EXPO_PUBLIC_SUPABASE_URL EXPO_PUBLIC_SUPABASE_ANON_KEY SUPABASE_DB_URL SUPABASE_ACCESS_TOKEN SUPABASE_PROJECT_REF_STAGING SUPABASE_PROJECT_REF_PROD UPDATE_BUNDLE_BASELINE
Starting Metro Bundler
Web .\index.js ΓûôΓûôΓûôΓûôΓûôΓûôΓûôΓûôΓûôΓûôΓûôΓûôΓûôΓûôΓûôΓûæ 99.8% (826/827)
Web Bundled 1421ms index.js (827 modules)

ΓÇ║ Assets (37):
node_modules\@expo\vector-icons\build\vendor\react-native-vector-icons\Fonts\AntDesign.3a2ba31570920eeb9b1d217cabe58315.ttf (70.3 kB)
node_modules\@expo\vector-icons\build\vendor\react-native-vector-icons\Fonts\Entypo.31b5ffea3daddc69dd01a1f3d6cf63c5.ttf (66.2 kB)
node_modules\@expo\vector-icons\build\vendor\react-native-vector-icons\Fonts\EvilIcons.140c53a7643ea949007aa9a282153849.ttf (13.5 kB)
node_modules\@expo\vector-icons\build\vendor\react-native-vector-icons\Fonts\Feather.a76d309774d33d9856f650bed4292a23.ttf (56.2 kB)
node_modules\@expo\vector-icons\build\vendor\react-native-vector-icons\Fonts\FontAwesome.b06871f281fee6b241d60582ae9369b9.ttf (166 kB)
node_modules\@expo\vector-icons\build\vendor\react-native-vector-icons\Fonts\FontAwesome5_Brands.3b89dd103490708d19a95adcae52210e.ttf (134 kB)
node_modules\@expo\vector-icons\build\vendor\react-native-vector-icons\Fonts\FontAwesome5_Regular.1f77739ca9ff2188b539c36f30ffa2be.ttf (33.7 kB)
node_modules\@expo\vector-icons\build\vendor\react-native-vector-icons\Fonts\FontAwesome5_Solid.605ed7926cf39a2ad5ec2d1f9d391d3d.ttf (203 kB)
node_modules\@expo\vector-icons\build\vendor\react-native-vector-icons\Fonts\FontAwesome6_Brands.56c8d80832e37783f12c05db7c8849e2.ttf (209 kB)
node_modules\@expo\vector-icons\build\vendor\react-native-vector-icons\Fonts\FontAwesome6_Regular.370dd5af19f8364907b6e2c41f45dbbf.ttf (68 kB)
node_modules\@expo\vector-icons\build\vendor\react-native-vector-icons\Fonts\FontAwesome6_Solid.adec7d6f310bc577f05e8fe06a5daccf.ttf (424 kB)
node_modules\@expo\vector-icons\build\vendor\react-native-vector-icons\Fonts\Fontisto.b49ae8ab2dbccb02c4d11caaacf09eab.ttf (314 kB)
node_modules\@expo\vector-icons\build\vendor\react-native-vector-icons\Fonts\Foundation.e20945d7c929279ef7a6f1db184a4470.ttf (57 kB)
node_modules\@expo\vector-icons\build\vendor\react-native-vector-icons\Fonts\Ionicons.6148e7019854f3bde85b633cb88f3c25.ttf (443 kB)
node_modules\@expo\vector-icons\build\vendor\react-native-vector-icons\Fonts\MaterialCommunityIcons.b62641afc9ab487008e996a5c5865e56.ttf (1.15 MB)
node_modules\@expo\vector-icons\build\vendor\react-native-vector-icons\Fonts\MaterialIcons.4e85bc9ebe07e0340c9c4fc2f6c38908.ttf (357 kB)
node_modules\@expo\vector-icons\build\vendor\react-native-vector-icons\Fonts\Octicons.f7c53c47a66934504fcbc7cc164895a7.ttf (49.4 kB)
node_modules\@expo\vector-icons\build\vendor\react-native-vector-icons\Fonts\SimpleLineIcons.d2285965fe34b05465047401b8595dd0.ttf (54.1 kB)
node_modules\@expo\vector-icons\build\vendor\react-native-vector-icons\Fonts\Zocial.1681f34aaca71b8dfb70756bca331eb2.ttf (25.8 kB)
node_modules\@react-navigation\elements\lib\module\assets\back-icon-mask.0a328cd9c1afd0afe8e3b1ec5165b1b4.png (653 B)
node_modules\@react-navigation\elements\lib\module\assets\back-icon.35ba0eaec5a4f5ed12ca16fabeae451d.png (207 B)
node_modules\@react-navigation\elements\lib\module\assets\clear-icon.c94f6478e7ae0cdd9f15de1fcb9e5e55.png (4 variations | 425 B)
node_modules\@react-navigation\elements\lib\module\assets\close-icon.808e1b1b9b53114ec2838071a7e6daa7.png (4 variations | 235 B)
node_modules\@react-navigation\elements\lib\module\assets\search-icon.286d67d3f74808a60a78d3ebf1a5fb57.png (928 B)
node_modules\expo-router\assets\arrow_down.017bc6ba3fc25503e5eb5e53826d48a8.png (9.46 kB)
node_modules\expo-router\assets\error.d1ea1496f9057eb392d5bbf3732a61b7.png (469 B)
node_modules\expo-router\assets\file.19eeb73b9593a38f8e9f418337fc7d10.png (138 B)
node_modules\expo-router\assets\forward.d8b800c443b8972542883e0b9de2bdc6.png (188 B)
node_modules\expo-router\assets\pkg.ab19f4cbc543357183a20571f68380a3.png (364 B)
node_modules\expo-router\assets\sitemap.412dd9275b6b48ad28f5e3d81bb1f626.png (465 B)
node_modules\expo-router\assets\unmatched.20e71bdf79e3a97bf55fd9e164041578.png (4.75 kB)

ΓÇ║ web bundles (2):
_expo/static/css/global-9fc209ea6264a126989c8218c720c580.css (4.45 kB)
_expo/static/js/web/index-0f2c8337a3d5cfc228841b45d30d9237.js (1.64 MB)

ΓÇ║ Files (2):
index.html (1.37 kB)
metadata.json (49 B)

Exported: dist
https://github.com/cynnix-inc/sudoku/issues/44
https://github.com/cynnix-inc/sudoku/issues/44#issuecomment-3229233405

> ultimate-sudoku@1.10.0 ci
> npm run lint && npm run typecheck && node scripts/check-android-version.mjs --fix && npm test -- --ci && npm run build


> ultimate-sudoku@1.10.0 lint
> eslint . --ext .js,.jsx,.ts,.tsx


> ultimate-sudoku@1.10.0 typecheck
> tsc --pretty --noEmit

Android versionCode OK: 11000 matches computed 11000 from package.json version 1.10.0

> ultimate-sudoku@1.10.0 test
> jest --passWithNoTests --ci

----------------------------|---------|----------|---------|---------|------------------------------------------------------------------------------------
File                        | % Stmts | % Branch | % Funcs | % Lines | Uncovered Line #s                                                                  
----------------------------|---------|----------|---------|---------|------------------------------------------------------------------------------------
All files                   |   81.73 |    68.54 |   83.87 |   82.85 |                                                                                    
 app                        |   86.41 |    70.48 |   81.05 |   86.43 |                                                                                    
  +not-found.tsx            |   66.66 |      100 |      50 |   66.66 | 30                                                                                 
  _layout.tsx               |      96 |       70 |   66.66 |   95.83 | 10                                                                                 
  classic.tsx               |   86.93 |    71.69 |   87.03 |   87.44 | 28-40,91-107,233-234,371,637-662                                                   
  daily.calendar.screen.tsx |     100 |       75 |     100 |     100 | 35,39-48                                                                           
  daily.screen.tsx          |      80 |    33.33 |    87.5 |   77.27 | 12-14,20-22,46                                                                     
  index.tsx                 |   68.42 |     62.5 |   55.55 |   68.42 | 54-58,73-77,127-137                                                                
  settings.screen.tsx       |   89.47 |       75 |      75 |   88.88 | 64-78                                                                              
 app/components             |   56.27 |    53.03 |   68.49 |   55.92 |                                                                                    
  Board.tsx                 |     100 |    89.36 |     100 |     100 | 36,40,44-47,90                                                                     
  GameScreenBase.tsx        |   52.96 |    40.09 |   65.38 |   51.88 | 90-120,125-127,178,189-191,197,211,230,236-240,254-321,347,373-374,442-449,536-631 
  Header.tsx                |     100 |    81.25 |     100 |     100 | 22-34,84                                                                           
  Numpad.tsx                |     100 |    86.36 |     100 |     100 | 50,55-58                                                                           
  SeedFooter.tsx            |   41.93 |    47.36 |    37.5 |   43.33 | 28-50,66-69                                                                        
 app/game                   |   89.51 |    79.66 |     100 |   93.87 |                                                                                    
  fixtures.ts               |      80 |       50 |     100 |      75 | 17                                                                                 
  rules.ts                  |     100 |      100 |     100 |     100 |                                                                                    
  state.ts                  |   84.81 |    69.44 |     100 |   92.64 | 18,98-99,121,138                                                                   
 app/game/daily             |     100 |      100 |     100 |     100 |                                                                                    
  index.ts                  |     100 |      100 |     100 |     100 |                                                                                    
 app/game/engine            |   92.45 |    83.03 |   95.74 |   92.44 |                                                                                    
  difficulty.ts             |     100 |      100 |     100 |     100 |                                                                                    
  generator.ts              |   98.75 |     92.3 |     100 |   98.36 | 72                                                                                 
  masks.ts                  |   99.08 |     88.7 |     100 |     100 | 49,59,61,77-80,103,112                                                             
  random.ts                 |     100 |      100 |     100 |     100 |                                                                                    
  rating.ts                 |      55 |    33.33 |   66.66 |   58.82 | 41-48                                                                              
  solver.ts                 |   77.77 |    81.08 |   85.71 |      75 | 32-42                                                                              
  strategy.ts               |   94.11 |    84.61 |     100 |   93.33 | 81-82,120-121                                                                      
 app/services               |   83.64 |    75.45 |   95.83 |   90.32 |                                                                                    
  auth.ts                   |   33.33 |    31.25 |   66.66 |   33.33 | 15,23-26,31-35                                                                     
  daily.ts                  |     100 |      100 |     100 |     100 |                                                                                    
  dailyCalendar.ts          |   95.12 |       50 |     100 |     100 | 23-64                                                                              
  settings.ts               |     100 |      100 |     100 |     100 |                                                                                    
  stats.ts                  |   91.78 |     87.5 |    90.9 |   96.92 | 199-206                                                                            
  storage.ts                |   81.63 |    84.93 |     100 |   82.55 | 28,106-107,180,187-199                                                             
  supabase.ts               |     100 |      100 |     100 |     100 |                                                                                    
  sync.ts                   |   77.58 |    58.69 |     100 |     100 | 19-69,92-128                                                                       
----------------------------|---------|----------|---------|---------|------------------------------------------------------------------------------------

> ultimate-sudoku@1.10.0 build
> npx expo export --platform web --output-dir dist

env: load .env
env: export EXPO_PUBLIC_SUPABASE_URL EXPO_PUBLIC_SUPABASE_ANON_KEY SUPABASE_DB_URL SUPABASE_ACCESS_TOKEN SUPABASE_PROJECT_REF_STAGING SUPABASE_PROJECT_REF_PROD UPDATE_BUNDLE_BASELINE
Starting Metro Bundler
Web .\index.js ΓûôΓûôΓûôΓûôΓûôΓûôΓûôΓûôΓûôΓûôΓûôΓûôΓûôΓûôΓûôΓûæ 99.8% (826/827)
Web Bundled 1353ms index.js (827 modules)

ΓÇ║ Assets (37):
node_modules\@expo\vector-icons\build\vendor\react-native-vector-icons\Fonts\AntDesign.3a2ba31570920eeb9b1d217cabe58315.ttf (70.3 kB)
node_modules\@expo\vector-icons\build\vendor\react-native-vector-icons\Fonts\Entypo.31b5ffea3daddc69dd01a1f3d6cf63c5.ttf (66.2 kB)
node_modules\@expo\vector-icons\build\vendor\react-native-vector-icons\Fonts\EvilIcons.140c53a7643ea949007aa9a282153849.ttf (13.5 kB)
node_modules\@expo\vector-icons\build\vendor\react-native-vector-icons\Fonts\Feather.a76d309774d33d9856f650bed4292a23.ttf (56.2 kB)
node_modules\@expo\vector-icons\build\vendor\react-native-vector-icons\Fonts\FontAwesome.b06871f281fee6b241d60582ae9369b9.ttf (166 kB)
node_modules\@expo\vector-icons\build\vendor\react-native-vector-icons\Fonts\FontAwesome5_Brands.3b89dd103490708d19a95adcae52210e.ttf (134 kB)
node_modules\@expo\vector-icons\build\vendor\react-native-vector-icons\Fonts\FontAwesome5_Regular.1f77739ca9ff2188b539c36f30ffa2be.ttf (33.7 kB)
node_modules\@expo\vector-icons\build\vendor\react-native-vector-icons\Fonts\FontAwesome5_Solid.605ed7926cf39a2ad5ec2d1f9d391d3d.ttf (203 kB)
node_modules\@expo\vector-icons\build\vendor\react-native-vector-icons\Fonts\FontAwesome6_Brands.56c8d80832e37783f12c05db7c8849e2.ttf (209 kB)
node_modules\@expo\vector-icons\build\vendor\react-native-vector-icons\Fonts\FontAwesome6_Regular.370dd5af19f8364907b6e2c41f45dbbf.ttf (68 kB)
node_modules\@expo\vector-icons\build\vendor\react-native-vector-icons\Fonts\FontAwesome6_Solid.adec7d6f310bc577f05e8fe06a5daccf.ttf (424 kB)
node_modules\@expo\vector-icons\build\vendor\react-native-vector-icons\Fonts\Fontisto.b49ae8ab2dbccb02c4d11caaacf09eab.ttf (314 kB)
node_modules\@expo\vector-icons\build\vendor\react-native-vector-icons\Fonts\Foundation.e20945d7c929279ef7a6f1db184a4470.ttf (57 kB)
node_modules\@expo\vector-icons\build\vendor\react-native-vector-icons\Fonts\Ionicons.6148e7019854f3bde85b633cb88f3c25.ttf (443 kB)
node_modules\@expo\vector-icons\build\vendor\react-native-vector-icons\Fonts\MaterialCommunityIcons.b62641afc9ab487008e996a5c5865e56.ttf (1.15 MB)
node_modules\@expo\vector-icons\build\vendor\react-native-vector-icons\Fonts\MaterialIcons.4e85bc9ebe07e0340c9c4fc2f6c38908.ttf (357 kB)
node_modules\@expo\vector-icons\build\vendor\react-native-vector-icons\Fonts\Octicons.f7c53c47a66934504fcbc7cc164895a7.ttf (49.4 kB)
node_modules\@expo\vector-icons\build\vendor\react-native-vector-icons\Fonts\SimpleLineIcons.d2285965fe34b05465047401b8595dd0.ttf (54.1 kB)
node_modules\@expo\vector-icons\build\vendor\react-native-vector-icons\Fonts\Zocial.1681f34aaca71b8dfb70756bca331eb2.ttf (25.8 kB)
node_modules\@react-navigation\elements\lib\module\assets\back-icon-mask.0a328cd9c1afd0afe8e3b1ec5165b1b4.png (653 B)
node_modules\@react-navigation\elements\lib\module\assets\back-icon.35ba0eaec5a4f5ed12ca16fabeae451d.png (207 B)
node_modules\@react-navigation\elements\lib\module\assets\clear-icon.c94f6478e7ae0cdd9f15de1fcb9e5e55.png (4 variations | 425 B)
node_modules\@react-navigation\elements\lib\module\assets\close-icon.808e1b1b9b53114ec2838071a7e6daa7.png (4 variations | 235 B)
node_modules\@react-navigation\elements\lib\module\assets\search-icon.286d67d3f74808a60a78d3ebf1a5fb57.png (928 B)
node_modules\expo-router\assets\arrow_down.017bc6ba3fc25503e5eb5e53826d48a8.png (9.46 kB)
node_modules\expo-router\assets\error.d1ea1496f9057eb392d5bbf3732a61b7.png (469 B)
node_modules\expo-router\assets\file.19eeb73b9593a38f8e9f418337fc7d10.png (138 B)
node_modules\expo-router\assets\forward.d8b800c443b8972542883e0b9de2bdc6.png (188 B)
node_modules\expo-router\assets\pkg.ab19f4cbc543357183a20571f68380a3.png (364 B)
node_modules\expo-router\assets\sitemap.412dd9275b6b48ad28f5e3d81bb1f626.png (465 B)
node_modules\expo-router\assets\unmatched.20e71bdf79e3a97bf55fd9e164041578.png (4.75 kB)

ΓÇ║ web bundles (2):
_expo/static/css/global-9fc209ea6264a126989c8218c720c580.css (4.45 kB)
_expo/static/js/web/index-0f2c8337a3d5cfc228841b45d30d9237.js (1.64 MB)

ΓÇ║ Files (2):
index.html (1.37 kB)
metadata.json (49 B)

Exported: dist
https://github.com/cynnix-inc/sudoku/issues/41
https://github.com/cynnix-inc/sudoku/issues/41#issuecomment-3229234957

> ultimate-sudoku@1.10.0 ci
> npm run lint && npm run typecheck && node scripts/check-android-version.mjs --fix && npm test -- --ci && npm run build


> ultimate-sudoku@1.10.0 lint
> eslint . --ext .js,.jsx,.ts,.tsx


> ultimate-sudoku@1.10.0 typecheck
> tsc --pretty --noEmit

Android versionCode OK: 11000 matches computed 11000 from package.json version 1.10.0

> ultimate-sudoku@1.10.0 test
> jest --passWithNoTests --ci

----------------------------|---------|----------|---------|---------|------------------------------------------------------------------------------------
File                        | % Stmts | % Branch | % Funcs | % Lines | Uncovered Line #s                                                                  
----------------------------|---------|----------|---------|---------|------------------------------------------------------------------------------------
All files                   |   81.73 |    68.54 |   83.87 |   82.85 |                                                                                    
 app                        |   86.41 |    70.48 |   81.05 |   86.43 |                                                                                    
  +not-found.tsx            |   66.66 |      100 |      50 |   66.66 | 30                                                                                 
  _layout.tsx               |      96 |       70 |   66.66 |   95.83 | 10                                                                                 
  classic.tsx               |   86.93 |    71.69 |   87.03 |   87.44 | 28-40,91-107,233-234,371,637-662                                                   
  daily.calendar.screen.tsx |     100 |       75 |     100 |     100 | 35,39-48                                                                           
  daily.screen.tsx          |      80 |    33.33 |    87.5 |   77.27 | 12-14,20-22,46                                                                     
  index.tsx                 |   68.42 |     62.5 |   55.55 |   68.42 | 54-58,73-77,127-137                                                                
  settings.screen.tsx       |   89.47 |       75 |      75 |   88.88 | 64-78                                                                              
 app/components             |   56.27 |    53.03 |   68.49 |   55.92 |                                                                                    
  Board.tsx                 |     100 |    89.36 |     100 |     100 | 36,40,44-47,90                                                                     
  GameScreenBase.tsx        |   52.96 |    40.09 |   65.38 |   51.88 | 90-120,125-127,178,189-191,197,211,230,236-240,254-321,347,373-374,442-449,536-631 
  Header.tsx                |     100 |    81.25 |     100 |     100 | 22-34,84                                                                           
  Numpad.tsx                |     100 |    86.36 |     100 |     100 | 50,55-58                                                                           
  SeedFooter.tsx            |   41.93 |    47.36 |    37.5 |   43.33 | 28-50,66-69                                                                        
 app/game                   |   89.51 |    79.66 |     100 |   93.87 |                                                                                    
  fixtures.ts               |      80 |       50 |     100 |      75 | 17                                                                                 
  rules.ts                  |     100 |      100 |     100 |     100 |                                                                                    
  state.ts                  |   84.81 |    69.44 |     100 |   92.64 | 18,98-99,121,138                                                                   
 app/game/daily             |     100 |      100 |     100 |     100 |                                                                                    
  index.ts                  |     100 |      100 |     100 |     100 |                                                                                    
 app/game/engine            |   92.45 |    83.03 |   95.74 |   92.44 |                                                                                    
  difficulty.ts             |     100 |      100 |     100 |     100 |                                                                                    
  generator.ts              |   98.75 |     92.3 |     100 |   98.36 | 72                                                                                 
  masks.ts                  |   99.08 |     88.7 |     100 |     100 | 49,59,61,77-80,103,112                                                             
  random.ts                 |     100 |      100 |     100 |     100 |                                                                                    
  rating.ts                 |      55 |    33.33 |   66.66 |   58.82 | 41-48                                                                              
  solver.ts                 |   77.77 |    81.08 |   85.71 |      75 | 32-42                                                                              
  strategy.ts               |   94.11 |    84.61 |     100 |   93.33 | 81-82,120-121                                                                      
 app/services               |   83.64 |    75.45 |   95.83 |   90.32 |                                                                                    
  auth.ts                   |   33.33 |    31.25 |   66.66 |   33.33 | 15,23-26,31-35                                                                     
  daily.ts                  |     100 |      100 |     100 |     100 |                                                                                    
  dailyCalendar.ts          |   95.12 |       50 |     100 |     100 | 23-64                                                                              
  settings.ts               |     100 |      100 |     100 |     100 |                                                                                    
  stats.ts                  |   91.78 |     87.5 |    90.9 |   96.92 | 199-206                                                                            
  storage.ts                |   81.63 |    84.93 |     100 |   82.55 | 28,106-107,180,187-199                                                             
  supabase.ts               |     100 |      100 |     100 |     100 |                                                                                    
  sync.ts                   |   77.58 |    58.69 |     100 |     100 | 19-69,92-128                                                                       
----------------------------|---------|----------|---------|---------|------------------------------------------------------------------------------------

> ultimate-sudoku@1.10.0 build
> npx expo export --platform web --output-dir dist

env: load .env
env: export EXPO_PUBLIC_SUPABASE_URL EXPO_PUBLIC_SUPABASE_ANON_KEY SUPABASE_DB_URL SUPABASE_ACCESS_TOKEN SUPABASE_PROJECT_REF_STAGING SUPABASE_PROJECT_REF_PROD UPDATE_BUNDLE_BASELINE
Starting Metro Bundler
Web .\index.js ΓûôΓûôΓûôΓûôΓûôΓûôΓûôΓûôΓûôΓûôΓûôΓûôΓûôΓûôΓûôΓûæ 99.8% (826/827)
Web Bundled 1420ms index.js (827 modules)

ΓÇ║ Assets (37):
node_modules\@expo\vector-icons\build\vendor\react-native-vector-icons\Fonts\AntDesign.3a2ba31570920eeb9b1d217cabe58315.ttf (70.3 kB)
node_modules\@expo\vector-icons\build\vendor\react-native-vector-icons\Fonts\Entypo.31b5ffea3daddc69dd01a1f3d6cf63c5.ttf (66.2 kB)
node_modules\@expo\vector-icons\build\vendor\react-native-vector-icons\Fonts\EvilIcons.140c53a7643ea949007aa9a282153849.ttf (13.5 kB)
node_modules\@expo\vector-icons\build\vendor\react-native-vector-icons\Fonts\Feather.a76d309774d33d9856f650bed4292a23.ttf (56.2 kB)
node_modules\@expo\vector-icons\build\vendor\react-native-vector-icons\Fonts\FontAwesome.b06871f281fee6b241d60582ae9369b9.ttf (166 kB)
node_modules\@expo\vector-icons\build\vendor\react-native-vector-icons\Fonts\FontAwesome5_Brands.3b89dd103490708d19a95adcae52210e.ttf (134 kB)
node_modules\@expo\vector-icons\build\vendor\react-native-vector-icons\Fonts\FontAwesome5_Regular.1f77739ca9ff2188b539c36f30ffa2be.ttf (33.7 kB)
node_modules\@expo\vector-icons\build\vendor\react-native-vector-icons\Fonts\FontAwesome5_Solid.605ed7926cf39a2ad5ec2d1f9d391d3d.ttf (203 kB)
node_modules\@expo\vector-icons\build\vendor\react-native-vector-icons\Fonts\FontAwesome6_Brands.56c8d80832e37783f12c05db7c8849e2.ttf (209 kB)
node_modules\@expo\vector-icons\build\vendor\react-native-vector-icons\Fonts\FontAwesome6_Regular.370dd5af19f8364907b6e2c41f45dbbf.ttf (68 kB)
node_modules\@expo\vector-icons\build\vendor\react-native-vector-icons\Fonts\FontAwesome6_Solid.adec7d6f310bc577f05e8fe06a5daccf.ttf (424 kB)
node_modules\@expo\vector-icons\build\vendor\react-native-vector-icons\Fonts\Fontisto.b49ae8ab2dbccb02c4d11caaacf09eab.ttf (314 kB)
node_modules\@expo\vector-icons\build\vendor\react-native-vector-icons\Fonts\Foundation.e20945d7c929279ef7a6f1db184a4470.ttf (57 kB)
node_modules\@expo\vector-icons\build\vendor\react-native-vector-icons\Fonts\Ionicons.6148e7019854f3bde85b633cb88f3c25.ttf (443 kB)
node_modules\@expo\vector-icons\build\vendor\react-native-vector-icons\Fonts\MaterialCommunityIcons.b62641afc9ab487008e996a5c5865e56.ttf (1.15 MB)
node_modules\@expo\vector-icons\build\vendor\react-native-vector-icons\Fonts\MaterialIcons.4e85bc9ebe07e0340c9c4fc2f6c38908.ttf (357 kB)
node_modules\@expo\vector-icons\build\vendor\react-native-vector-icons\Fonts\Octicons.f7c53c47a66934504fcbc7cc164895a7.ttf (49.4 kB)
node_modules\@expo\vector-icons\build\vendor\react-native-vector-icons\Fonts\SimpleLineIcons.d2285965fe34b05465047401b8595dd0.ttf (54.1 kB)
node_modules\@expo\vector-icons\build\vendor\react-native-vector-icons\Fonts\Zocial.1681f34aaca71b8dfb70756bca331eb2.ttf (25.8 kB)
node_modules\@react-navigation\elements\lib\module\assets\back-icon-mask.0a328cd9c1afd0afe8e3b1ec5165b1b4.png (653 B)
node_modules\@react-navigation\elements\lib\module\assets\back-icon.35ba0eaec5a4f5ed12ca16fabeae451d.png (207 B)
node_modules\@react-navigation\elements\lib\module\assets\clear-icon.c94f6478e7ae0cdd9f15de1fcb9e5e55.png (4 variations | 425 B)
node_modules\@react-navigation\elements\lib\module\assets\close-icon.808e1b1b9b53114ec2838071a7e6daa7.png (4 variations | 235 B)
node_modules\@react-navigation\elements\lib\module\assets\search-icon.286d67d3f74808a60a78d3ebf1a5fb57.png (928 B)
node_modules\expo-router\assets\arrow_down.017bc6ba3fc25503e5eb5e53826d48a8.png (9.46 kB)
node_modules\expo-router\assets\error.d1ea1496f9057eb392d5bbf3732a61b7.png (469 B)
node_modules\expo-router\assets\file.19eeb73b9593a38f8e9f418337fc7d10.png (138 B)
node_modules\expo-router\assets\forward.d8b800c443b8972542883e0b9de2bdc6.png (188 B)
node_modules\expo-router\assets\pkg.ab19f4cbc543357183a20571f68380a3.png (364 B)
node_modules\expo-router\assets\sitemap.412dd9275b6b48ad28f5e3d81bb1f626.png (465 B)
node_modules\expo-router\assets\unmatched.20e71bdf79e3a97bf55fd9e164041578.png (4.75 kB)

ΓÇ║ web bundles (2):
_expo/static/css/global-9fc209ea6264a126989c8218c720c580.css (4.45 kB)
_expo/static/js/web/index-0f2c8337a3d5cfc228841b45d30d9237.js (1.64 MB)

ΓÇ║ Files (2):
index.html (1.37 kB)
metadata.json (49 B)

Exported: dist
https://github.com/cynnix-inc/sudoku/issues/164
https://github.com/cynnix-inc/sudoku/issues/164#issuecomment-3229236618

> ultimate-sudoku@1.10.0 ci
> npm run lint && npm run typecheck && node scripts/check-android-version.mjs --fix && npm test -- --ci && npm run build


> ultimate-sudoku@1.10.0 lint
> eslint . --ext .js,.jsx,.ts,.tsx


> ultimate-sudoku@1.10.0 typecheck
> tsc --pretty --noEmit

Android versionCode OK: 11000 matches computed 11000 from package.json version 1.10.0

> ultimate-sudoku@1.10.0 test
> jest --passWithNoTests --ci

----------------------------|---------|----------|---------|---------|------------------------------------------------------------------------------------
File                        | % Stmts | % Branch | % Funcs | % Lines | Uncovered Line #s                                                                  
----------------------------|---------|----------|---------|---------|------------------------------------------------------------------------------------
All files                   |   81.73 |    68.54 |   83.87 |   82.85 |                                                                                    
 app                        |   86.41 |    70.48 |   81.05 |   86.43 |                                                                                    
  +not-found.tsx            |   66.66 |      100 |      50 |   66.66 | 30                                                                                 
  _layout.tsx               |      96 |       70 |   66.66 |   95.83 | 10                                                                                 
  classic.tsx               |   86.93 |    71.69 |   87.03 |   87.44 | 28-40,91-107,233-234,371,637-662                                                   
  daily.calendar.screen.tsx |     100 |       75 |     100 |     100 | 35,39-48                                                                           
  daily.screen.tsx          |      80 |    33.33 |    87.5 |   77.27 | 12-14,20-22,46                                                                     
  index.tsx                 |   68.42 |     62.5 |   55.55 |   68.42 | 54-58,73-77,127-137                                                                
  settings.screen.tsx       |   89.47 |       75 |      75 |   88.88 | 64-78                                                                              
 app/components             |   56.27 |    53.03 |   68.49 |   55.92 |                                                                                    
  Board.tsx                 |     100 |    89.36 |     100 |     100 | 36,40,44-47,90                                                                     
  GameScreenBase.tsx        |   52.96 |    40.09 |   65.38 |   51.88 | 90-120,125-127,178,189-191,197,211,230,236-240,254-321,347,373-374,442-449,536-631 
  Header.tsx                |     100 |    81.25 |     100 |     100 | 22-34,84                                                                           
  Numpad.tsx                |     100 |    86.36 |     100 |     100 | 50,55-58                                                                           
  SeedFooter.tsx            |   41.93 |    47.36 |    37.5 |   43.33 | 28-50,66-69                                                                        
 app/game                   |   89.51 |    79.66 |     100 |   93.87 |                                                                                    
  fixtures.ts               |      80 |       50 |     100 |      75 | 17                                                                                 
  rules.ts                  |     100 |      100 |     100 |     100 |                                                                                    
  state.ts                  |   84.81 |    69.44 |     100 |   92.64 | 18,98-99,121,138                                                                   
 app/game/daily             |     100 |      100 |     100 |     100 |                                                                                    
  index.ts                  |     100 |      100 |     100 |     100 |                                                                                    
 app/game/engine            |   92.45 |    83.03 |   95.74 |   92.44 |                                                                                    
  difficulty.ts             |     100 |      100 |     100 |     100 |                                                                                    
  generator.ts              |   98.75 |     92.3 |     100 |   98.36 | 72                                                                                 
  masks.ts                  |   99.08 |     88.7 |     100 |     100 | 49,59,61,77-80,103,112                                                             
  random.ts                 |     100 |      100 |     100 |     100 |                                                                                    
  rating.ts                 |      55 |    33.33 |   66.66 |   58.82 | 41-48                                                                              
  solver.ts                 |   77.77 |    81.08 |   85.71 |      75 | 32-42                                                                              
  strategy.ts               |   94.11 |    84.61 |     100 |   93.33 | 81-82,120-121                                                                      
 app/services               |   83.64 |    75.45 |   95.83 |   90.32 |                                                                                    
  auth.ts                   |   33.33 |    31.25 |   66.66 |   33.33 | 15,23-26,31-35                                                                     
  daily.ts                  |     100 |      100 |     100 |     100 |                                                                                    
  dailyCalendar.ts          |   95.12 |       50 |     100 |     100 | 23-64                                                                              
  settings.ts               |     100 |      100 |     100 |     100 |                                                                                    
  stats.ts                  |   91.78 |     87.5 |    90.9 |   96.92 | 199-206                                                                            
  storage.ts                |   81.63 |    84.93 |     100 |   82.55 | 28,106-107,180,187-199                                                             
  supabase.ts               |     100 |      100 |     100 |     100 |                                                                                    
  sync.ts                   |   77.58 |    58.69 |     100 |     100 | 19-69,92-128                                                                       
----------------------------|---------|----------|---------|---------|------------------------------------------------------------------------------------

> ultimate-sudoku@1.10.0 build
> npx expo export --platform web --output-dir dist

env: load .env
env: export EXPO_PUBLIC_SUPABASE_URL EXPO_PUBLIC_SUPABASE_ANON_KEY SUPABASE_DB_URL SUPABASE_ACCESS_TOKEN SUPABASE_PROJECT_REF_STAGING SUPABASE_PROJECT_REF_PROD UPDATE_BUNDLE_BASELINE
Starting Metro Bundler
Web .\index.js ΓûôΓûôΓûôΓûôΓûôΓûôΓûôΓûôΓûôΓûôΓûôΓûôΓûôΓûôΓûôΓûæ 99.9% (827/827)
Web Bundled 1321ms index.js (827 modules)

ΓÇ║ Assets (37):
node_modules\@expo\vector-icons\build\vendor\react-native-vector-icons\Fonts\AntDesign.3a2ba31570920eeb9b1d217cabe58315.ttf (70.3 kB)
node_modules\@expo\vector-icons\build\vendor\react-native-vector-icons\Fonts\Entypo.31b5ffea3daddc69dd01a1f3d6cf63c5.ttf (66.2 kB)
node_modules\@expo\vector-icons\build\vendor\react-native-vector-icons\Fonts\EvilIcons.140c53a7643ea949007aa9a282153849.ttf (13.5 kB)
node_modules\@expo\vector-icons\build\vendor\react-native-vector-icons\Fonts\Feather.a76d309774d33d9856f650bed4292a23.ttf (56.2 kB)
node_modules\@expo\vector-icons\build\vendor\react-native-vector-icons\Fonts\FontAwesome.b06871f281fee6b241d60582ae9369b9.ttf (166 kB)
node_modules\@expo\vector-icons\build\vendor\react-native-vector-icons\Fonts\FontAwesome5_Brands.3b89dd103490708d19a95adcae52210e.ttf (134 kB)
node_modules\@expo\vector-icons\build\vendor\react-native-vector-icons\Fonts\FontAwesome5_Regular.1f77739ca9ff2188b539c36f30ffa2be.ttf (33.7 kB)
node_modules\@expo\vector-icons\build\vendor\react-native-vector-icons\Fonts\FontAwesome5_Solid.605ed7926cf39a2ad5ec2d1f9d391d3d.ttf (203 kB)
node_modules\@expo\vector-icons\build\vendor\react-native-vector-icons\Fonts\FontAwesome6_Brands.56c8d80832e37783f12c05db7c8849e2.ttf (209 kB)
node_modules\@expo\vector-icons\build\vendor\react-native-vector-icons\Fonts\FontAwesome6_Regular.370dd5af19f8364907b6e2c41f45dbbf.ttf (68 kB)
node_modules\@expo\vector-icons\build\vendor\react-native-vector-icons\Fonts\FontAwesome6_Solid.adec7d6f310bc577f05e8fe06a5daccf.ttf (424 kB)
node_modules\@expo\vector-icons\build\vendor\react-native-vector-icons\Fonts\Fontisto.b49ae8ab2dbccb02c4d11caaacf09eab.ttf (314 kB)
node_modules\@expo\vector-icons\build\vendor\react-native-vector-icons\Fonts\Foundation.e20945d7c929279ef7a6f1db184a4470.ttf (57 kB)
node_modules\@expo\vector-icons\build\vendor\react-native-vector-icons\Fonts\Ionicons.6148e7019854f3bde85b633cb88f3c25.ttf (443 kB)
node_modules\@expo\vector-icons\build\vendor\react-native-vector-icons\Fonts\MaterialCommunityIcons.b62641afc9ab487008e996a5c5865e56.ttf (1.15 MB)
node_modules\@expo\vector-icons\build\vendor\react-native-vector-icons\Fonts\MaterialIcons.4e85bc9ebe07e0340c9c4fc2f6c38908.ttf (357 kB)
node_modules\@expo\vector-icons\build\vendor\react-native-vector-icons\Fonts\Octicons.f7c53c47a66934504fcbc7cc164895a7.ttf (49.4 kB)
node_modules\@expo\vector-icons\build\vendor\react-native-vector-icons\Fonts\SimpleLineIcons.d2285965fe34b05465047401b8595dd0.ttf (54.1 kB)
node_modules\@expo\vector-icons\build\vendor\react-native-vector-icons\Fonts\Zocial.1681f34aaca71b8dfb70756bca331eb2.ttf (25.8 kB)
node_modules\@react-navigation\elements\lib\module\assets\back-icon-mask.0a328cd9c1afd0afe8e3b1ec5165b1b4.png (653 B)
node_modules\@react-navigation\elements\lib\module\assets\back-icon.35ba0eaec5a4f5ed12ca16fabeae451d.png (207 B)
node_modules\@react-navigation\elements\lib\module\assets\clear-icon.c94f6478e7ae0cdd9f15de1fcb9e5e55.png (4 variations | 425 B)
node_modules\@react-navigation\elements\lib\module\assets\close-icon.808e1b1b9b53114ec2838071a7e6daa7.png (4 variations | 235 B)
node_modules\@react-navigation\elements\lib\module\assets\search-icon.286d67d3f74808a60a78d3ebf1a5fb57.png (928 B)
node_modules\expo-router\assets\arrow_down.017bc6ba3fc25503e5eb5e53826d48a8.png (9.46 kB)
node_modules\expo-router\assets\error.d1ea1496f9057eb392d5bbf3732a61b7.png (469 B)
node_modules\expo-router\assets\file.19eeb73b9593a38f8e9f418337fc7d10.png (138 B)
node_modules\expo-router\assets\forward.d8b800c443b8972542883e0b9de2bdc6.png (188 B)
node_modules\expo-router\assets\pkg.ab19f4cbc543357183a20571f68380a3.png (364 B)
node_modules\expo-router\assets\sitemap.412dd9275b6b48ad28f5e3d81bb1f626.png (465 B)
node_modules\expo-router\assets\unmatched.20e71bdf79e3a97bf55fd9e164041578.png (4.75 kB)

ΓÇ║ web bundles (2):
_expo/static/css/global-9fc209ea6264a126989c8218c720c580.css (4.45 kB)
_expo/static/js/web/index-0f2c8337a3d5cfc228841b45d30d9237.js (1.64 MB)

ΓÇ║ Files (2):
index.html (1.37 kB)
metadata.json (49 B)

Exported: dist
https://github.com/cynnix-inc/sudoku/issues/165
https://github.com/cynnix-inc/sudoku/issues/165#issuecomment-3229238117
**********************
PowerShell transcript start
Start time: 20250827143100
Username: AzureAD\NeilGroulx
RunAs User: AzureAD\NeilGroulx
Configuration Name: 
Machine: YT-1300 (Microsoft Windows NT 10.0.22631.0)
Host Application: C:\Program Files\PowerShell\7\pwsh.dll -noexit -command try { . "c:\Users\NeilGroulx\AppData\Local\Programs\cursor\resources\app\out\vs\workbench\contrib\terminal\common\scripts\shellIntegration.ps1" } catch {}
Process ID: 254356
PSVersion: 7.5.2
PSEdition: Core
GitCommitId: 7.5.2
OS: Microsoft Windows 10.0.22631
Platform: Win32NT
PSCompatibleVersions: 1.0, 2.0, 3.0, 4.0, 5.0, 5.1, 6.0, 7.0
PSRemotingProtocolVersion: 2.3
SerializationVersion: 1.1.0.1
WSManStackVersion: 3.0
**********************
Transcript started, output file is epic-run.log
== Epic Runner ==
Dry-Run: False
gh auth: True
Default base branch: staging
Epic number: 18
Running CI: npm run ci

unknown flag: --head

Usage:  gh pr view [<number> | <url> | <branch>] [flags]

Flags:
  -c, --comments          View pull request comments
  -q, --jq expression     Filter JSON output using a jq expression
      --json fields       Output JSON with the specified fields
  -t, --template string   Format JSON output using a Go template; see "gh help formatting"
  -w, --web               Open a pull request in the browser



Running CI: npm run ci

unknown flag: --head

Usage:  gh pr view [<number> | <url> | <branch>] [flags]

Flags:
  -c, --comments          View pull request comments
  -q, --jq expression     Filter JSON output using a jq expression
      --json fields       Output JSON with the specified fields
  -t, --template string   Format JSON output using a Go template; see "gh help formatting"
  -w, --web               Open a pull request in the browser



Running CI: npm run ci

unknown flag: --head

Usage:  gh pr view [<number> | <url> | <branch>] [flags]

Flags:
  -c, --comments          View pull request comments
  -q, --jq expression     Filter JSON output using a jq expression
      --json fields       Output JSON with the specified fields
  -t, --template string   Format JSON output using a Go template; see "gh help formatting"
  -w, --web               Open a pull request in the browser



Running CI: npm run ci

unknown flag: --head

Usage:  gh pr view [<number> | <url> | <branch>] [flags]

Flags:
  -c, --comments          View pull request comments
  -q, --jq expression     Filter JSON output using a jq expression
      --json fields       Output JSON with the specified fields
  -t, --template string   Format JSON output using a Go template; see "gh help formatting"
  -w, --web               Open a pull request in the browser



Running CI: npm run ci

unknown flag: --head

Usage:  gh pr view [<number> | <url> | <branch>] [flags]

Flags:
  -c, --comments          View pull request comments
  -q, --jq expression     Filter JSON output using a jq expression
      --json fields       Output JSON with the specified fields
  -t, --template string   Format JSON output using a Go template; see "gh help formatting"
  -w, --web               Open a pull request in the browser



Running CI: npm run ci

unknown flag: --head

Usage:  gh pr view [<number> | <url> | <branch>] [flags]

Flags:
  -c, --comments          View pull request comments
  -q, --jq expression     Filter JSON output using a jq expression
      --json fields       Output JSON with the specified fields
  -t, --template string   Format JSON output using a Go template; see "gh help formatting"
  -w, --web               Open a pull request in the browser



Done.
**********************
PowerShell transcript end
End time: 20250827143614
**********************
**********************
PowerShell transcript start
Start time: 20250827145200
Username: AzureAD\NeilGroulx
RunAs User: AzureAD\NeilGroulx
Configuration Name: 
Machine: YT-1300 (Microsoft Windows NT 10.0.22631.0)
Host Application: C:\Program Files\PowerShell\7\pwsh.dll -noexit -command try { . "c:\Users\NeilGroulx\AppData\Local\Programs\cursor\resources\app\out\vs\workbench\contrib\terminal\common\scripts\shellIntegration.ps1" } catch {}
Process ID: 277692
PSVersion: 7.5.2
PSEdition: Core
GitCommitId: 7.5.2
OS: Microsoft Windows 10.0.22631
Platform: Win32NT
PSCompatibleVersions: 1.0, 2.0, 3.0, 4.0, 5.0, 5.1, 6.0, 7.0
PSRemotingProtocolVersion: 2.3
SerializationVersion: 1.1.0.1
WSManStackVersion: 3.0
**********************
Transcript started, output file is epic-run.log
== Epic Runner ==
Dry-Run: False
gh auth: True
Default base branch: staging
Epic number: 18
Running CI: npm run ci



Running CI: npm run ci



Running CI: npm run ci



Running CI: npm run ci



Running CI: npm run ci



Running CI: npm run ci



Done.
**********************
PowerShell transcript end
End time: 20250827145749
**********************
